<?xml version="1.0" encoding="UTF-8"?>
<!-- Generated by org.testng.reporters.JUnitReportReporter -->
<testsuite hostname="DESKTOP-PTOCE9C" failures="0" tests="1" name="scipts.Testcase3" time="44.481" errors="0" timestamp="2023-03-08T19:26:30 IST" skipped="0">
  <testcase classname="scipts.Testcase3" name="tc3" time="44.481"/>
  <system-out/>
</testsuite> <!-- scipts.Testcase3 -->
