<?xml version="1.0" encoding="UTF-8"?>
<!-- Generated by org.testng.reporters.JUnitReportReporter -->
<testsuite hostname="DESKTOP-PTOCE9C" failures="0" tests="1" name="scipts.Testcase1" time="13.233" errors="0" timestamp="2023-01-01T11:06:24 IST" skipped="0">
  <testcase classname="scipts.Testcase1" name="tc1" time="13.233"/>
  <system-out/>
</testsuite> <!-- scipts.Testcase1 -->
